<?xml version="1.0" encoding="UTF-8" standalone="no"?>
<!DOCTYPE log SYSTEM "logger.dtd">
<log>
<record>
  <date>2020-01-31T14:59:56.407343900Z</date>
  <millis>1580482796407</millis>
  <nanos>343900</nanos>
  <sequence>3</sequence>
  <logger>jframe.principal.Main</logger>
  <level>INFO</level>
  <class>jframe.classes.LlistaProfessor</class>
  <method>baixaProfessor</method>
  <thread>19</thread>
  <message>S'ha donat de baixa al professor1 asd asd asd@asd a0314131a 121212 31/01/2020 asd asd 123123.0  Actiu</message>
</record>
</log>
<?xml version="1.0" encoding="UTF-8" standalone="no"?>
<!DOCTYPE log SYSTEM "logger.dtd">
<log>
<record>
  <date>2020-01-31T15:01:04.463670400Z</date>
  <millis>1580482864463</millis>
  <nanos>670400</nanos>
  <sequence>3</sequence>
  <logger>jframe.principal.Main</logger>
  <level>INFO</level>
  <class>jframe.classes.LlistaProfessor</class>
  <method>baixaProfessor</method>
  <thread>19</thread>
  <message>S'ha donat de baixa al professor1 qwe qwe qwe@qwe i0314131b 121212 31/01/2020 qweqwe qwer 123123.0  Actiu</message>
</record>
</log>
<?xml version="1.0" encoding="UTF-8" standalone="no"?>
<!DOCTYPE log SYSTEM "logger.dtd">
<log>
<record>
  <date>2020-01-31T15:03:39.370414600Z</date>
  <millis>1580483019370</millis>
  <nanos>414600</nanos>
  <sequence>3</sequence>
  <logger>jframe.principal.Main</logger>
  <level>INFO</level>
  <class>jframe.classes.LlistaProfessor</class>
  <method>baixaProfessor</method>
  <thread>19</thread>
  <message>S'ha donat de baixa al professor1 zxc zxc zxc@zxc z0314131z 123344 31/01/2020 zxczxc zxc 321321.0  Actiu</message>
</record>
<record>
  <date>2020-01-31T15:03:39.371409600Z</date>
  <millis>1580483019371</millis>
  <nanos>409600</nanos>
  <sequence>4</sequence>
  <logger>jframe.principal.Main</logger>
  <level>INFO</level>
  <class>jframe.classes.LlistaProfessor</class>
  <method>baixaProfessor</method>
  <thread>19</thread>
  <message>ERROR!!1 zxc zxc zxc@zxc z0314131z 123344 31/01/2020 zxczxc zxc 321321.0  Actiu</message>
</record>
</log>
<?xml version="1.0" encoding="UTF-8" standalone="no"?>
<!DOCTYPE log SYSTEM "logger.dtd">
<log>
<record>
  <date>2020-01-31T15:04:36.193130900Z</date>
  <millis>1580483076193</millis>
  <nanos>130900</nanos>
  <sequence>3</sequence>
  <logger>jframe.principal.Main</logger>
  <level>INFO</level>
  <class>jframe.classes.LlistaProfessor</class>
  <method>baixaProfessor</method>
  <thread>19</thread>
  <message>S'ha donat de baixa al professor1 qwe ghj ghj@ghj g0314131h 123456 31/01/2020 ghj ghjghj 321321.0  Actiu</message>
</record>
<record>
  <date>2020-01-31T15:04:36.195665300Z</date>
  <millis>1580483076195</millis>
  <nanos>665300</nanos>
  <sequence>4</sequence>
  <logger>jframe.principal.Main</logger>
  <level>WARNING</level>
  <class>jframe.classes.LlistaProfessor</class>
  <method>baixaProfessor</method>
  <thread>19</thread>
  <message>ERROR!!1 qwe ghj ghj@ghj g0314131h 123456 31/01/2020 ghj ghjghj 321321.0  Actiu</message>
</record>
</log>
