ene. 31, 2020 5:13:16 P. M. jframe.classes.Log generarInfoLog
INFORMACIÓN: S'ha inserit la matricula .

ene. 31, 2020 5:13:26 P. M. jframe.classes.Log generarInfoLog
INFORMACIÓN: S'ha inserit la matricula .

ene. 31, 2020 5:13:29 P. M. jframe.classes.Log generarInfoLog
INFORMACIÓN: S'ha inserit la matricula
ene. 31, 2020 5:14:58 P. M. jframe.classes.Log generarInfoLog
INFORMACIÓN: S'ha inserit la matricula .
0 asdr vv fwr pp hh hih jo 2020-01-31 17:14:50 e2d2 Actiu 31/01/2020   Actiu
ene. 31, 2020 5:16:25 P. M. jframe.classes.Log generarInfoLog
INFORMACIÓN: S'ha inserit la matricula 0 asdnull pp hh hih jo 2020-01-31 17:16:14 e2d2 Actiu 31/01/2020   Actiu

ene. 31, 2020 5:16:29 P. M. jframe.classes.Log generarInfoLog
INFORMACIÓN: S'ha inserit la matricula 1 asdr vv fwr pp hh hih jo 2020-01-31 17:16:14 e2d2 Actiu 31/01/2020   Actiu

ene. 31, 2020 5:16:34 P. M. jframe.classes.Log generarInfoLog
INFORMACIÓN: S'ha inserit la matricula 2 asdr vv fwr pp hh hih jo 2020-01-31 17:16:14 e2d2 Actiu 31/01/2020   Actiu

ene. 31, 2020 5:17:17 P. M. jframe.classes.Log generarInfoLog
INFORMACIÓN: S'ha inserit la matricula 0 QWEr vv fwr pp hh hih jo 2020-01-31 17:17:02 e2d2 Actiu 31/01/2020   Actiu

ene. 31, 2020 5:17:20 P. M. jframe.classes.Log generarInfoLog
INFORMACIÓN: S'ha inserit la matricula 0 QWEr vv fwr pp hh hih jo 2020-01-31 17:17:02 e2d2 Actiu 31/01/2020 31/01/2020 Inactiva

ene. 31, 2020 5:17:26 P. M. jframe.classes.Log generarInfoLog
INFORMACIÓN: S'ha modificat la matricula0 QWEr vv fwr pp hh hih jo 2020-01-31 17:17:02 e2d2 Actiu 31/01/2020   Actiu

ene. 31, 2020 5:24:03 P. M. jframe.classes.Log generarInfoLog
INFORMACIÓN: S'ha inserit el professor 1 asd asd asd@asd y0314131b 121212 31/01/2020 qwe qweqwe 1.2312312E8  Actiu

ene. 31, 2020 5:24:06 P. M. jframe.classes.Log generarInfoLog
INFORMACIÓN: S'ha eliminat el professor 1 asd asd asd@asd y0314131b 121212 31/01/2020 qwe qweqwe 1.2312312E8 31/01/2020 Inactiu

ene. 31, 2020 5:24:14 P. M. jframe.classes.Log generarInfoLog
INFORMACIÓN: S'ha modificat el professor 1 asd asd asd@asd y0314131b 121212 31/01/2020 qwe qweqwe 1.2312312E8  Actiu

